#
# There is insufficient memory for the Java Runtime Environment to continue.
# Native memory allocation (mmap) failed to map 264241152 bytes for Failed to commit area from 0x0000000704e00000 to 0x0000000714a00000 of length 264241152.
# Possible reasons:
#   The system is out of physical RAM or swap space
#   The process is running with CompressedOops enabled, and the Java Heap may be blocking the growth of the native heap
# Possible solutions:
#   Reduce memory load on the system
#   Increase physical memory or swap space
#   Check if swap backing store is full
#   Decrease Java heap size (-Xmx/-Xms)
#   Decrease number of Java threads
#   Decrease Java thread stack sizes (-Xss)
#   Set larger code cache with -XX:ReservedCodeCacheSize=
# This output file may be truncated or incomplete.
#
#  Out of Memory Error (./open/src/hotspot/os/windows/os_windows.cpp:3273), pid=20648, tid=20860
#
# JRE version:  (11.0.12+8) (build )
# Java VM: Java HotSpot(TM) 64-Bit Server VM (11.0.12+8-LTS-237, mixed mode, sharing, tiered, compressed oops, g1 gc, windows-amd64)
# No core dump will be written. Minidumps are not enabled by default on client versions of Windows
#

---------------  S U M M A R Y ------------

Command Line: -Xverify:none -Dquarkus-internal.serialized-app-model.path=D:\shared\studies\backend\target\quarkus\bootstrap\dev-app-model.dat -javaagent:D:\tools\manager\mvn-repo\io\quarkus\quarkus-class-change-agent\2.7.5.Final\quarkus-class-change-agent-2.7.5.Final.jar -XX:TieredStopAtLevel=1 -agentlib:jdwp=transport=dt_socket,address=localhost:57198,server=y,suspend=n -Djava.util.logging.manager=org.jboss.logmanager.LogManager D:\shared\studies\backend\target\biblioteca-dev.jar

Host: 11th Gen Intel(R) Core(TM) i7-1165G7 @ 2.80GHz, 8 cores, 15G,  Windows 10 , 64 bit Build 22000 (10.0.22000.434)
Time: Mon Apr  4 22:05:24 2022 Hora oficial do Brasil elapsed time: 0.014177 seconds (0d 0h 0m 0s)

---------------  T H R E A D  ---------------

Current thread (0x000002310bb1f000):  JavaThread "Unknown thread" [_thread_in_vm, id=20860, stack(0x000000b63f400000,0x000000b63f500000)]

Stack: [0x000000b63f400000,0x000000b63f500000]
Native frames: (J=compiled Java code, j=interpreted, Vv=VM code, C=native code)
V  [jvm.dll+0x617d9a]
V  [jvm.dll+0x74eeef]
V  [jvm.dll+0x750599]
V  [jvm.dll+0x750c23]
V  [jvm.dll+0x2438d8]
V  [jvm.dll+0x61518a]
V  [jvm.dll+0x609f45]
V  [jvm.dll+0x2f85cc]
V  [jvm.dll+0x2f8452]
V  [jvm.dll+0x2fd106]
V  [jvm.dll+0x33f6ef]
V  [jvm.dll+0x33f120]
V  [jvm.dll+0x2d5ca8]
V  [jvm.dll+0x2d6e06]
V  [jvm.dll+0x72a977]
V  [jvm.dll+0x72c21f]
V  [jvm.dll+0x34c469]
V  [jvm.dll+0x710400]
V  [jvm.dll+0x3b5baf]
V  [jvm.dll+0x3b7cb1]
C  [jli.dll+0x520b]
C  [ucrtbase.dll+0x26c0c]
C  [KERNEL32.DLL+0x154e0]
C  [ntdll.dll+0x485b]


---------------  P R O C E S S  ---------------

Threads class SMR info:
_java_thread_list=0x00000231098e3950, length=0, elements={
}

Java Threads: ( => current thread )

Other Threads:
  0x000002310bb36000 GCTaskThread "GC Thread#0" [stack: 0x000000b63f500000,0x000000b63f600000] [id=20484]
  0x000002310bb92000 ConcurrentGCThread "G1 Main Marker" [stack: 0x000000b63f600000,0x000000b63f700000] [id=3172]
  0x000002310bb95000 ConcurrentGCThread "G1 Conc#0" [stack: 0x000000b63f700000,0x000000b63f800000] [id=20160]

[error occurred during error reporting (printing all threads), id 0xc0000005, EXCEPTION_ACCESS_VIOLATION (0xc0000005) at pc=0x00007ff9c27c4f37]

VM state:not at safepoint (not fully initialized)

VM Mutex/Monitor currently owned by a thread:  ([mutex/lock_event])
[0x000002310bb1cb30] Heap_lock - owner thread: 0x000002310bb1f000

Heap address: 0x0000000704e00000, size: 4018 MB, Compressed Oops mode: Non-zero based: 0x0000000704e00000
Narrow klass base: 0x0000000000000000, Narrow klass shift: 0

GC Heap History (0 events):
No events

Deoptimization events (0 events):
No events

Classes redefined (0 events):
No events

Internal exceptions (0 events):
No events

Events (0 events):
No events


Dynamic libraries:
0x00007ff73deb0000 - 0x00007ff73debf000 	C:\Program Files\Java\jdk-11.0.12\bin\java.EXE
0x00007ffa66b40000 - 0x00007ffa66d49000 	C:\WINDOWS\SYSTEM32\ntdll.dll
0x00007ffa65860000 - 0x00007ffa6591d000 	C:\WINDOWS\System32\KERNEL32.DLL
0x00007ffa64470000 - 0x00007ffa647e4000 	C:\WINDOWS\System32\KERNELBASE.dll
0x00007ffa64890000 - 0x00007ffa649a1000 	C:\WINDOWS\System32\ucrtbase.dll
0x00007ffa47c50000 - 0x00007ffa47c68000 	C:\Program Files\Java\jdk-11.0.12\bin\jli.dll
0x00007ffa65580000 - 0x00007ffa6562e000 	C:\WINDOWS\System32\ADVAPI32.dll
0x00007ffa64fa0000 - 0x00007ffa65043000 	C:\WINDOWS\System32\msvcrt.dll
0x00007ffa64f00000 - 0x00007ffa64f9e000 	C:\WINDOWS\System32\sechost.dll
0x00007ffa64d00000 - 0x00007ffa64e20000 	C:\WINDOWS\System32\RPCRT4.dll
0x00007ffa65630000 - 0x00007ffa657dc000 	C:\WINDOWS\System32\USER32.dll
0x00007ffa64860000 - 0x00007ffa64886000 	C:\WINDOWS\System32\win32u.dll
0x00007ffa65550000 - 0x00007ffa65579000 	C:\WINDOWS\System32\GDI32.dll
0x00007ffa64290000 - 0x00007ffa643a2000 	C:\WINDOWS\System32\gdi32full.dll
0x00007ffa64080000 - 0x00007ffa6411d000 	C:\WINDOWS\System32\msvcp_win.dll
0x00007ffa47e30000 - 0x00007ffa47e45000 	C:\Program Files\Java\jdk-11.0.12\bin\VCRUNTIME140.dll
0x00007ffa499d0000 - 0x00007ffa49c75000 	C:\WINDOWS\WinSxS\amd64_microsoft.windows.common-controls_6595b64144ccf1df_6.0.22000.120_none_9d947278b86cc467\COMCTL32.dll
0x00007ffa5c2f0000 - 0x00007ffa5c2fa000 	C:\WINDOWS\SYSTEM32\VERSION.dll
0x00007ffa66750000 - 0x00007ffa66781000 	C:\WINDOWS\System32\IMM32.DLL
0x00007ffa0dca0000 - 0x00007ffa0ddb5000 	C:\Program Files\Topaz OFD\Warsaw\wslbscr64.dll
0x00007ffa65fa0000 - 0x00007ffa6674f000 	C:\WINDOWS\System32\SHELL32.dll
0x00007ffa61aa0000 - 0x00007ffa61ad4000 	C:\WINDOWS\SYSTEM32\ntmarta.dll
0x00007ffa0dba0000 - 0x00007ffa0dc93000 	C:\Program Files\Topaz OFD\Warsaw\wslbscrwh64.dll
0x00007ffa17fa0000 - 0x00007ffa1803b000 	C:\Program Files\Java\jdk-11.0.12\bin\msvcp140.dll
0x00007ff9c24e0000 - 0x00007ff9c2fdf000 	C:\Program Files\Java\jdk-11.0.12\bin\server\jvm.dll
0x00007ffa66ac0000 - 0x00007ffa66ac8000 	C:\WINDOWS\System32\PSAPI.DLL
0x00007ffa41040000 - 0x00007ffa41049000 	C:\WINDOWS\SYSTEM32\WSOCK32.dll
0x0000023109a70000 - 0x0000023109adf000 	C:\WINDOWS\System32\WS2_32.dll
0x00007ffa5c460000 - 0x00007ffa5c493000 	C:\WINDOWS\SYSTEM32\WINMM.dll
0x00007ffa631f0000 - 0x00007ffa63208000 	C:\WINDOWS\SYSTEM32\kernel.appcore.dll
0x00007ffa5fe30000 - 0x00007ffa5fe40000 	C:\Program Files\Java\jdk-11.0.12\bin\verify.dll
0x00007ffa57ad0000 - 0x00007ffa57cf1000 	C:\WINDOWS\SYSTEM32\DBGHELP.DLL
0x00007ffa4d1e0000 - 0x00007ffa4d211000 	C:\WINDOWS\SYSTEM32\dbgcore.DLL
0x00007ffa64000000 - 0x00007ffa6407f000 	C:\WINDOWS\System32\bcryptPrimitives.dll
0x00007ffa448d0000 - 0x00007ffa448f8000 	C:\Program Files\Java\jdk-11.0.12\bin\java.dll
0x00007ffa4bea0000 - 0x00007ffa4beaa000 	C:\Program Files\Java\jdk-11.0.12\bin\jimage.dll
0x00007ffa5fd50000 - 0x00007ffa5fd5e000 	C:\Program Files\Java\jdk-11.0.12\bin\instrument.dll
0x00007ffa4d740000 - 0x00007ffa4d778000 	C:\Program Files\Java\jdk-11.0.12\bin\jdwp.dll
0x00007ffa3f0f0000 - 0x00007ffa3f106000 	C:\Program Files\Java\jdk-11.0.12\bin\zip.dll

dbghelp: loaded successfully - version: 4.0.5 - missing functions: none
symbol engine: initialized successfully - sym options: 0x614 - pdb path: .;C:\Program Files\Java\jdk-11.0.12\bin;C:\WINDOWS\SYSTEM32;C:\WINDOWS\WinSxS\amd64_microsoft.windows.common-controls_6595b64144ccf1df_6.0.22000.120_none_9d947278b86cc467;C:\Program Files\Topaz OFD\Warsaw;C:\Program Files\Java\jdk-11.0.12\bin\server

VM Arguments:
jvm_args: -Xverify:none -Dquarkus-internal.serialized-app-model.path=D:\shared\studies\backend\target\quarkus\bootstrap\dev-app-model.dat -javaagent:D:\tools\manager\mvn-repo\io\quarkus\quarkus-class-change-agent\2.7.5.Final\quarkus-class-change-agent-2.7.5.Final.jar -XX:TieredStopAtLevel=1 -agentlib:jdwp=transport=dt_socket,address=localhost:57198,server=y,suspend=n -Djava.util.logging.manager=org.jboss.logmanager.LogManager 
java_command: D:\shared\studies\backend\target\biblioteca-dev.jar
java_class_path (initial): D:\shared\studies\backend\target\biblioteca-dev.jar
Launcher Type: SUN_STANDARD

[Global flags]
     bool BytecodeVerificationLocal                = false                                     {product} {command line}
     bool BytecodeVerificationRemote               = false                                     {product} {command line}
     intx CICompilerCount                          = 4                                         {product} {ergonomic}
     uint ConcGCThreads                            = 2                                         {product} {ergonomic}
     uint G1ConcRefinementThreads                  = 8                                         {product} {ergonomic}
   size_t G1HeapRegionSize                         = 1048576                                   {product} {ergonomic}
    uintx GCDrainStackTargetSize                   = 64                                        {product} {ergonomic}
   size_t InitialHeapSize                          = 264241152                                 {product} {ergonomic}
   size_t MarkStackSize                            = 4194304                                   {product} {ergonomic}
   size_t MaxHeapSize                              = 4213178368                                {product} {ergonomic}
   size_t MinHeapDeltaBytes                        = 1048576                                   {product} {ergonomic}
    uintx NonNMethodCodeHeapSize                   = 7549744                                {pd product} {ergonomic}
    uintx NonProfiledCodeHeapSize                  = 244108496                              {pd product} {ergonomic}
    uintx ProfiledCodeHeapSize                     = 0                                      {pd product} {ergonomic}
    uintx ReservedCodeCacheSize                    = 251658240                              {pd product} {ergonomic}
     bool SegmentedCodeCache                       = true                                      {product} {ergonomic}
     intx TieredStopAtLevel                        = 1                                         {product} {command line}
     bool UseCompressedClassPointers               = true                                 {lp64_product} {ergonomic}
     bool UseCompressedOops                        = true                                 {lp64_product} {ergonomic}
     bool UseG1GC                                  = true                                      {product} {ergonomic}
     bool UseLargePagesIndividualAllocation        = false                                  {pd product} {ergonomic}

Logging:
Log output configuration:
 #0: stdout all=warning uptime,level,tags
 #1: stderr all=off uptime,level,tags

Environment Variables:
JAVA_HOME=C:\Program Files\Java\jdk-11.0.12
PATH=D:/tools/editors/sts//plugins/org.eclipse.justj.openjdk.hotspot.jre.full.win32.x86_64_17.0.0.v20211012-1059/jre/bin/server;D:/tools/editors/sts//plugins/org.eclipse.justj.openjdk.hotspot.jre.full.win32.x86_64_17.0.0.v20211012-1059/jre/bin;C:\Program Files\Java\jdk-11.0.12\bin;D:\tools\servers\nodejs;C:\Program Files\Java\jdk-11.0.12\bin;D:\tools\manager\apache-maven\bin;D:\tools\remote\putty;C:\Windows\system32;C:\Windows;C:\Windows\System32\Wbem;C:\Windows\System32\WindowsPowerShell\v1.0\;C:\Windows\System32\OpenSSH\;C:\Program Files (x86)\NVIDIA Corporation\PhysX\Common;C:\Program Files\Git\cmd;C:\WINDOWS\system32;C:\WINDOWS;C:\WINDOWS\System32\Wbem;C:\WINDOWS\System32\WindowsPowerShell\v1.0\;C:\WINDOWS\System32\OpenSSH\;C:\Users\leandro\AppData\Local\Microsoft\WindowsApps;D:\Users\leandro\AppData\Local\Programs\Microsoft VS Code\bin;C:\Users\leandro\AppData\Local\Microsoft\WindowsApps;;D:\Users\leandro\AppData\Local\Programs\Microsoft VS Code\bin;D:\tools\editors\sts;
USERNAME=leandro
OS=Windows_NT
PROCESSOR_IDENTIFIER=Intel64 Family 6 Model 140 Stepping 1, GenuineIntel



---------------  S Y S T E M  ---------------

OS: Windows 10 , 64 bit Build 22000 (10.0.22000.434)

CPU:total 8 (initial active 8) (4 cores per cpu, 2 threads per core) family 6 model 140 stepping 1 microcode 0x86, cmov, cx8, fxsr, mmx, sse, sse2, sse3, ssse3, sse4.1, sse4.2, popcnt, avx, avx2, aes, clmul, erms, 3dnowpref, lzcnt, ht, tsc, tscinvbit, bmi1, bmi2, adx, evex, sha, fma

Memory: 4k page, system-wide physical 16065M (2287M free)
TotalPageFile size 16065M (AvailPageFile size 242M)
current process WorkingSet (physical memory assigned to process): 13M, peak: 13M
current process commit charge ("private bytes"): 59M, peak: 311M

vm_info: Java HotSpot(TM) 64-Bit Server VM (11.0.12+8-LTS-237) for windows-amd64 JRE (11.0.12+8-LTS-237), built on Jun  8 2021 11:25:59 by "mach5one" with MS VC++ 15.9 (VS2017)

END.
